<?xml version="1.0" encoding="UTF-8"?>
<!-- Generated by org.testng.reporters.JUnitXMLReporter -->
<testsuite ignored="1" hostname="LIN-5CG1501VNF" failures="0" tests="2" name="Test" time="23.943" errors="0" timestamp="2024-11-29T13:51:01 IST">
  <testcase classname="TestNG.TestNGAssignment4" name="launchChrome" time="11.996"/>
  <testcase classname="TestNG.TestNGAssignment4" name="launchFireFox" time="11.885"/>
  <testcase classname="TestNG.TestNGAssignment4" name="launchEdge" time="0.0">
    <ignored/>
  </testcase> <!-- launchEdge -->
</testsuite> <!-- Test -->
